Build started 14/01/2016 22:13:49.
     1>Project "F:\Projects\cwGraphics\cwGraphics\cwGraphics\cwGraphics.vcxproj" on node 2 (Build target(s)).
     1>ClCompile:
         D:\Program Files (x86)\Microsoft Visual Studio 12.0\VC\bin\CL.exe /c /ZI /nologo /W3 /WX- /sdl /Od /Oy- /D WIN32 /D _DEBUG /D _CONSOLE /D _LIB /D _UNICODE /D UNICODE /Gm /EHsc /RTC1 /MDd /GS /fp:precise /Zc:wchar_t /Zc:forScope /Fo"Debug\\" /Fd"Debug\vc120.pdb" /Gd /TP /analyze- /errorReport:prompt Source.cpp
         Source.cpp
     1>f:\projects\cwgraphics\cwgraphics\cwgraphics\source.cpp(19): warning C4305: 'initializing' : truncation from 'double' to 'float'
     1>f:\projects\cwgraphics\cwgraphics\cwgraphics\source.cpp(147): warning C4305: 'argument' : truncation from 'double' to 'float'
     1>f:\projects\cwgraphics\cwgraphics\cwgraphics\source.cpp(179): warning C4305: '-=' : truncation from 'double' to 'float'
     1>f:\projects\cwgraphics\cwgraphics\cwgraphics\source.cpp(182): warning C4305: '-=' : truncation from 'double' to 'float'
     1>f:\projects\cwgraphics\cwgraphics\cwgraphics\source.cpp(185): warning C4305: '-=' : truncation from 'double' to 'float'
     1>f:\projects\cwgraphics\cwgraphics\cwgraphics\source.cpp(204): warning C4305: 'argument' : truncation from 'double' to 'float'
     1>f:\projects\cwgraphics\cwgraphics\cwgraphics\source.cpp(205): warning C4305: 'argument' : truncation from 'double' to 'float'
     1>f:\projects\cwgraphics\cwgraphics\cwgraphics\source.cpp(206): warning C4305: 'argument' : truncation from 'double' to 'float'
     1>f:\projects\cwgraphics\cwgraphics\cwgraphics\source.cpp(209): warning C4244: 'argument' : conversion from 'double' to 'float', possible loss of data
     1>f:\projects\cwgraphics\cwgraphics\cwgraphics\source.cpp(210): warning C4244: 'argument' : conversion from 'double' to 'float', possible loss of data
     1>f:\projects\cwgraphics\cwgraphics\cwgraphics\source.cpp(211): warning C4305: 'argument' : truncation from 'double' to 'float'
     1>f:\projects\cwgraphics\cwgraphics\cwgraphics\source.cpp(211): warning C4244: 'argument' : conversion from 'double' to 'float', possible loss of data
     1>f:\projects\cwgraphics\cwgraphics\cwgraphics\source.cpp(259): warning C4244: 'argument' : conversion from 'double' to 'GLfloat', possible loss of data
     1>f:\projects\cwgraphics\cwgraphics\cwgraphics\source.cpp(262): warning C4244: 'argument' : conversion from 'double' to 'GLfloat', possible loss of data
     1>f:\projects\cwgraphics\cwgraphics\cwgraphics\source.cpp(265): warning C4244: 'argument' : conversion from 'double' to 'GLfloat', possible loss of data
     1>f:\projects\cwgraphics\cwgraphics\cwgraphics\source.cpp(273): warning C4244: 'argument' : conversion from 'double' to 'GLfloat', possible loss of data
     1>f:\projects\cwgraphics\cwgraphics\cwgraphics\source.cpp(274): warning C4244: 'argument' : conversion from 'double' to 'GLfloat', possible loss of data
     1>f:\projects\cwgraphics\cwgraphics\cwgraphics\source.cpp(275): warning C4244: 'argument' : conversion from 'double' to 'GLfloat', possible loss of data
     1>f:\projects\cwgraphics\cwgraphics\cwgraphics\source.cpp(276): warning C4244: 'argument' : conversion from 'double' to 'GLfloat', possible loss of data
     1>f:\projects\cwgraphics\cwgraphics\cwgraphics\source.cpp(299): warning C4018: '<' : signed/unsigned mismatch
     1>f:\projects\cwgraphics\cwgraphics\cwgraphics\source.cpp(419): warning C4305: 'argument' : truncation from 'double' to 'GLfloat'
     1>f:\projects\cwgraphics\cwgraphics\cwgraphics\source.cpp(426): warning C4244: 'argument' : conversion from 'double' to 'float', possible loss of data
     1>f:\projects\cwgraphics\cwgraphics\cwgraphics\source.cpp(427): warning C4244: 'argument' : conversion from 'double' to 'float', possible loss of data
     1>f:\projects\cwgraphics\cwgraphics\cwgraphics\source.cpp(435): warning C4305: 'argument' : truncation from 'double' to 'GLfloat'
     1>f:\projects\cwgraphics\cwgraphics\cwgraphics\source.cpp(442): warning C4244: 'argument' : conversion from 'double' to 'float', possible loss of data
     1>f:\projects\cwgraphics\cwgraphics\cwgraphics\source.cpp(443): warning C4244: 'argument' : conversion from 'double' to 'float', possible loss of data
     1>f:\projects\cwgraphics\cwgraphics\cwgraphics\source.cpp(445): warning C4244: 'argument' : conversion from 'double' to 'GLfloat', possible loss of data
     1>f:\projects\cwgraphics\cwgraphics\cwgraphics\source.cpp(450): warning C4305: 'argument' : truncation from 'double' to 'GLfloat'
     1>f:\projects\cwgraphics\cwgraphics\cwgraphics\source.cpp(457): warning C4244: 'argument' : conversion from 'double' to 'float', possible loss of data
     1>f:\projects\cwgraphics\cwgraphics\cwgraphics\source.cpp(458): warning C4244: 'argument' : conversion from 'double' to 'float', possible loss of data
     1>f:\projects\cwgraphics\cwgraphics\cwgraphics\source.cpp(460): warning C4244: 'argument' : conversion from 'double' to 'GLfloat', possible loss of data
     1>f:\projects\cwgraphics\cwgraphics\cwgraphics\source.cpp(467): warning C4305: 'argument' : truncation from 'double' to 'GLfloat'
     1>f:\projects\cwgraphics\cwgraphics\cwgraphics\source.cpp(472): warning C4244: 'argument' : conversion from 'double' to 'float', possible loss of data
     1>f:\projects\cwgraphics\cwgraphics\cwgraphics\source.cpp(473): warning C4244: 'argument' : conversion from 'double' to 'float', possible loss of data
     1>f:\projects\cwgraphics\cwgraphics\cwgraphics\source.cpp(475): warning C4244: 'argument' : conversion from 'double' to 'GLfloat', possible loss of data
     1>f:\projects\cwgraphics\cwgraphics\cwgraphics\source.cpp(485): warning C4305: 'argument' : truncation from 'double' to 'GLfloat'
     1>f:\projects\cwgraphics\cwgraphics\cwgraphics\source.cpp(491): warning C4244: 'argument' : conversion from 'double' to 'float', possible loss of data
     1>f:\projects\cwgraphics\cwgraphics\cwgraphics\source.cpp(492): warning C4244: 'argument' : conversion from 'double' to 'float', possible loss of data
     1>f:\projects\cwgraphics\cwgraphics\cwgraphics\source.cpp(501): warning C4305: 'argument' : truncation from 'double' to 'GLfloat'
     1>f:\projects\cwgraphics\cwgraphics\cwgraphics\source.cpp(504): warning C4305: 'argument' : truncation from 'double' to 'GLfloat'
     1>f:\projects\cwgraphics\cwgraphics\cwgraphics\source.cpp(507): warning C4305: 'argument' : truncation from 'double' to 'GLfloat'
     1>f:\projects\cwgraphics\cwgraphics\cwgraphics\source.cpp(675): warning C4244: 'argument' : conversion from 'double' to 'float', possible loss of data
     1>f:\projects\cwgraphics\cwgraphics\cwgraphics\source.cpp(676): warning C4244: 'argument' : conversion from 'double' to 'float', possible loss of data
     1>f:\projects\cwgraphics\cwgraphics\cwgraphics\source.cpp(678): warning C4244: 'argument' : conversion from 'double' to 'GLfloat', possible loss of data
       Link:
         D:\Program Files (x86)\Microsoft Visual Studio 12.0\VC\bin\link.exe /ERRORREPORT:PROMPT /OUT:"F:\Projects\cwGraphics\cwGraphics\Debug\cwGraphics.exe" /INCREMENTAL /NOLOGO FreeImage\FreeImagePlus.lib windowscodecs.lib CoreStructures\CoreStructures.lib freeglut\freeglut.lib glew\glew32.lib kernel32.lib user32.lib gdi32.lib winspool.lib comdlg32.lib advapi32.lib shell32.lib ole32.lib oleaut32.lib uuid.lib odbc32.lib odbccp32.lib /MANIFEST /MANIFESTUAC:"level='asInvoker' uiAccess='false'" /manifest:embed /DEBUG /PDB:"F:\Projects\cwGraphics\cwGraphics\Debug\cwGraphics.pdb" /SUBSYSTEM:CONSOLE /TLBID:1 /DYNAMICBASE /NXCOMPAT /IMPLIB:"F:\Projects\cwGraphics\cwGraphics\Debug\cwGraphics.lib" /MACHINE:X86 Debug\Source.obj
         Debug\stdafx.obj
         Debug\texture_loader.obj
         cwGraphics.vcxproj -> F:\Projects\cwGraphics\cwGraphics\Debug\cwGraphics.exe
     1>Done Building Project "F:\Projects\cwGraphics\cwGraphics\cwGraphics\cwGraphics.vcxproj" (Build target(s)).

Build succeeded.

Time Elapsed 00:00:09.75
