g:\uni projects\course work\real-time rendering cw\debug\gldemo.pch
g:\uni projects\course work\real-time rendering cw\debug\vc120.pdb
g:\uni projects\course work\real-time rendering cw\debug\vc120.idb
g:\uni projects\course work\real-time rendering cw\debug\stdafx.obj
g:\uni projects\course work\real-time rendering cw\debug\cgearthscene.obj
g:\uni projects\course work\real-time rendering cw\debug\cgfont.obj
g:\uni projects\course work\real-time rendering cw\debug\cgprincipleaxes.obj
g:\uni projects\course work\real-time rendering cw\debug\cgskybox.obj
g:\uni projects\course work\real-time rendering cw\debug\cgsphere.obj
g:\uni projects\course work\real-time rendering cw\debug\cgtexturedquad.obj
g:\uni projects\course work\real-time rendering cw\debug\cgvbomodel.obj
g:\uni projects\course work\real-time rendering cw\debug\gldemo.obj
g:\uni projects\course work\real-time rendering cw\debug\helper_functions.obj
g:\uni projects\course work\real-time rendering cw\debug\shaderloader.obj
g:\uni projects\course work\real-time rendering cw\debug\textureloader.obj
g:\uni projects\course work\real-time rendering cw\debug\gldemo.ilk
g:\uni projects\course work\real-time rendering cw\debug\gldemo.exe
g:\uni projects\course work\real-time rendering cw\debug\gldemo.pdb
g:\uni projects\course work\real-time rendering cw\debug\gldemo.tlog\cl.command.1.tlog
g:\uni projects\course work\real-time rendering cw\debug\gldemo.tlog\cl.read.1.tlog
g:\uni projects\course work\real-time rendering cw\debug\gldemo.tlog\cl.write.1.tlog
g:\uni projects\course work\real-time rendering cw\debug\gldemo.tlog\link.command.1.tlog
g:\uni projects\course work\real-time rendering cw\debug\gldemo.tlog\link.read.1.tlog
g:\uni projects\course work\real-time rendering cw\debug\gldemo.tlog\link.write.1.tlog
