Build started 17/03/2017 22:06:50.
     1>Project "G:\University\Concurrent and Parallel Programming\Coursework\Image Processing\RGB_ProcessingWin\RGB_ProcessingWin\RGB_ProcessingWin.vcxproj" on node 2 (Build target(s)).
     1>ClCompile:
         D:\Program Files (x86)\Microsoft Visual Studio 12.0\VC\bin\CL.exe /c /ZI /nologo /W3 /WX- /Od /Oy- /D WIN32 /D _DEBUG /D _CONSOLE /D _UNICODE /D UNICODE /Gm /EHsc /RTC1 /MDd /GS /fp:precise /Zc:wchar_t /Zc:forScope /Fo"Debug\\" /Fd"Debug\vc120.pdb" /Gd /TP /analyze- /errorReport:prompt main.cpp
         main.cpp
     1>g:\university\concurrent and parallel programming\coursework\image processing\rgb_processingwin\rgb_processingwin\main.cpp(47): warning C4018: '<' : signed/unsigned mismatch
     1>g:\university\concurrent and parallel programming\coursework\image processing\rgb_processingwin\rgb_processingwin\main.cpp(49): warning C4018: '<' : signed/unsigned mismatch
     1>g:\university\concurrent and parallel programming\coursework\image processing\rgb_processingwin\rgb_processingwin\main.cpp(58): warning C4018: '>=' : signed/unsigned mismatch
     1>g:\university\concurrent and parallel programming\coursework\image processing\rgb_processingwin\rgb_processingwin\main.cpp(60): warning C4018: '>=' : signed/unsigned mismatch
     1>g:\university\concurrent and parallel programming\coursework\image processing\rgb_processingwin\rgb_processingwin\main.cpp(65): warning C4244: 'initializing' : conversion from 'double' to 'float', possible loss of data
     1>g:\university\concurrent and parallel programming\coursework\image processing\rgb_processingwin\rgb_processingwin\main.cpp(70): warning C4244: 'initializing' : conversion from 'double' to 'float', possible loss of data
     1>g:\university\concurrent and parallel programming\coursework\image processing\rgb_processingwin\rgb_processingwin\main.cpp(86): warning C4018: '<' : signed/unsigned mismatch
     1>g:\university\concurrent and parallel programming\coursework\image processing\rgb_processingwin\rgb_processingwin\main.cpp(88): warning C4018: '<' : signed/unsigned mismatch
     1>g:\university\concurrent and parallel programming\coursework\image processing\rgb_processingwin\rgb_processingwin\main.cpp(96): warning C4018: '>=' : signed/unsigned mismatch
     1>g:\university\concurrent and parallel programming\coursework\image processing\rgb_processingwin\rgb_processingwin\main.cpp(98): warning C4018: '>=' : signed/unsigned mismatch
     1>g:\university\concurrent and parallel programming\coursework\image processing\rgb_processingwin\rgb_processingwin\main.cpp(106): warning C4244: 'initializing' : conversion from 'int' to 'float', possible loss of data
     1>g:\university\concurrent and parallel programming\coursework\image processing\rgb_processingwin\rgb_processingwin\main.cpp(114): warning C4244: '=' : conversion from 'float' to 'BYTE', possible loss of data
     1>g:\university\concurrent and parallel programming\coursework\image processing\rgb_processingwin\rgb_processingwin\main.cpp(115): warning C4244: '=' : conversion from 'float' to 'BYTE', possible loss of data
     1>g:\university\concurrent and parallel programming\coursework\image processing\rgb_processingwin\rgb_processingwin\main.cpp(116): warning C4244: '=' : conversion from 'float' to 'BYTE', possible loss of data
     1>g:\university\concurrent and parallel programming\coursework\image processing\rgb_processingwin\rgb_processingwin\main.cpp(121): warning C4018: '<' : signed/unsigned mismatch
     1>g:\university\concurrent and parallel programming\coursework\image processing\rgb_processingwin\rgb_processingwin\main.cpp(123): warning C4018: '<' : signed/unsigned mismatch
     1>g:\university\concurrent and parallel programming\coursework\image processing\rgb_processingwin\rgb_processingwin\main.cpp(169): warning C4018: '>=' : signed/unsigned mismatch
     1>g:\university\concurrent and parallel programming\coursework\image processing\rgb_processingwin\rgb_processingwin\main.cpp(171): warning C4018: '>=' : signed/unsigned mismatch
     1>g:\university\concurrent and parallel programming\coursework\image processing\rgb_processingwin\rgb_processingwin\main.cpp(177): warning C4244: 'initializing' : conversion from 'double' to 'float', possible loss of data
     1>g:\university\concurrent and parallel programming\coursework\image processing\rgb_processingwin\rgb_processingwin\main.cpp(181): warning C4244: 'initializing' : conversion from 'double' to 'float', possible loss of data
     1>g:\university\concurrent and parallel programming\coursework\image processing\rgb_processingwin\rgb_processingwin\main.cpp(199): warning C4018: '<' : signed/unsigned mismatch
     1>g:\university\concurrent and parallel programming\coursework\image processing\rgb_processingwin\rgb_processingwin\main.cpp(201): warning C4018: '<' : signed/unsigned mismatch
     1>g:\university\concurrent and parallel programming\coursework\image processing\rgb_processingwin\rgb_processingwin\main.cpp(209): warning C4018: '>=' : signed/unsigned mismatch
     1>g:\university\concurrent and parallel programming\coursework\image processing\rgb_processingwin\rgb_processingwin\main.cpp(211): warning C4018: '>=' : signed/unsigned mismatch
     1>g:\university\concurrent and parallel programming\coursework\image processing\rgb_processingwin\rgb_processingwin\main.cpp(219): warning C4244: 'initializing' : conversion from 'int' to 'float', possible loss of data
     1>g:\university\concurrent and parallel programming\coursework\image processing\rgb_processingwin\rgb_processingwin\main.cpp(227): warning C4244: '=' : conversion from 'float' to 'BYTE', possible loss of data
     1>g:\university\concurrent and parallel programming\coursework\image processing\rgb_processingwin\rgb_processingwin\main.cpp(228): warning C4244: '=' : conversion from 'float' to 'BYTE', possible loss of data
     1>g:\university\concurrent and parallel programming\coursework\image processing\rgb_processingwin\rgb_processingwin\main.cpp(229): warning C4244: '=' : conversion from 'float' to 'BYTE', possible loss of data
     1>g:\university\concurrent and parallel programming\coursework\image processing\rgb_processingwin\rgb_processingwin\main.cpp(234): warning C4018: '<' : signed/unsigned mismatch
     1>g:\university\concurrent and parallel programming\coursework\image processing\rgb_processingwin\rgb_processingwin\main.cpp(236): warning C4018: '<' : signed/unsigned mismatch
     1>g:\university\concurrent and parallel programming\coursework\image processing\rgb_processingwin\rgb_processingwin\main.cpp(278): warning C4018: '<' : signed/unsigned mismatch
     1>g:\university\concurrent and parallel programming\coursework\image processing\rgb_processingwin\rgb_processingwin\main.cpp(280): warning C4018: '<' : signed/unsigned mismatch
     1>g:\university\concurrent and parallel programming\coursework\image processing\rgb_processingwin\rgb_processingwin\main.cpp(286): warning C4244: 'initializing' : conversion from 'int' to 'float', possible loss of data
     1>g:\university\concurrent and parallel programming\coursework\image processing\rgb_processingwin\rgb_processingwin\main.cpp(287): warning C4244: 'initializing' : conversion from 'int' to 'float', possible loss of data
     1>g:\university\concurrent and parallel programming\coursework\image processing\rgb_processingwin\rgb_processingwin\main.cpp(299): warning C4244: '=' : conversion from 'float' to 'BYTE', possible loss of data
     1>g:\university\concurrent and parallel programming\coursework\image processing\rgb_processingwin\rgb_processingwin\main.cpp(300): warning C4244: '=' : conversion from 'float' to 'BYTE', possible loss of data
     1>g:\university\concurrent and parallel programming\coursework\image processing\rgb_processingwin\rgb_processingwin\main.cpp(301): warning C4244: '=' : conversion from 'float' to 'BYTE', possible loss of data
     1>g:\university\concurrent and parallel programming\coursework\image processing\rgb_processingwin\rgb_processingwin\main.cpp(306): warning C4018: '<' : signed/unsigned mismatch
     1>g:\university\concurrent and parallel programming\coursework\image processing\rgb_processingwin\rgb_processingwin\main.cpp(308): warning C4018: '<' : signed/unsigned mismatch
       Link:
         D:\Program Files (x86)\Microsoft Visual Studio 12.0\VC\bin\link.exe /ERRORREPORT:PROMPT /OUT:"G:\University\Concurrent and Parallel Programming\Coursework\Image Processing\RGB_ProcessingWin\RGB_ProcessingWin\Debug\RGB_ProcessingWin.exe" /INCREMENTAL /NOLOGO FreeImage\FreeImagePlus.lib tbbmalloc.lib kernel32.lib user32.lib gdi32.lib winspool.lib comdlg32.lib advapi32.lib shell32.lib ole32.lib oleaut32.lib uuid.lib odbc32.lib odbccp32.lib kernel32.lib user32.lib gdi32.lib winspool.lib comdlg32.lib advapi32.lib shell32.lib ole32.lib oleaut32.lib uuid.lib odbc32.lib odbccp32.lib /MANIFEST /MANIFESTUAC:"level='asInvoker' uiAccess='false'" /manifest:embed /DEBUG /PDB:"G:\University\Concurrent and Parallel Programming\Coursework\Image Processing\RGB_ProcessingWin\RGB_ProcessingWin\Debug\RGB_ProcessingWin.pdb" /SUBSYSTEM:CONSOLE /TLBID:1 /DYNAMICBASE /NXCOMPAT /IMPLIB:"G:\University\Concurrent and Parallel Programming\Coursework\Image Processing\RGB_ProcessingWin\RGB_ProcessingWin\Debug\RGB_ProcessingWin.lib" /MACHINE:X86 Debug\main.obj
         RGB_ProcessingWin.vcxproj -> G:\University\Concurrent and Parallel Programming\Coursework\Image Processing\RGB_ProcessingWin\RGB_ProcessingWin\Debug\RGB_ProcessingWin.exe
     1>Done Building Project "G:\University\Concurrent and Parallel Programming\Coursework\Image Processing\RGB_ProcessingWin\RGB_ProcessingWin\RGB_ProcessingWin.vcxproj" (Build target(s)).

Build succeeded.

Time Elapsed 00:00:01.18
